  [1m[35m (2.0ms)[0m  [1m[35mCREATE TABLE "schema_migrations" ("version" varchar NOT NULL PRIMARY KEY)[0m
  [1m[35m (1.2ms)[0m  [1m[35mCREATE TABLE "ar_internal_metadata" ("key" varchar NOT NULL PRIMARY KEY, "value" varchar, "created_at" datetime(6) NOT NULL, "updated_at" datetime(6) NOT NULL)[0m
  [1m[36mActiveRecord::SchemaMigration Pluck (0.2ms)[0m  [1m[34mSELECT "schema_migrations"."version" FROM "schema_migrations" ORDER BY "schema_migrations"."version" ASC[0m
Migrating to CreateUsers (20230322074229)
  [1m[36mTRANSACTION (0.1ms)[0m  [1m[36mbegin transaction[0m
  [1m[35m (0.5ms)[0m  [1m[35mCREATE TABLE "users" ("id" integer PRIMARY KEY AUTOINCREMENT NOT NULL, "username" varchar, "email" varchar, "password_digest" varchar, "created_at" datetime(6) NOT NULL, "updated_at" datetime(6) NOT NULL)[0m
  [1m[36mActiveRecord::SchemaMigration Create (0.2ms)[0m  [1m[32mINSERT INTO "schema_migrations" ("version") VALUES (?)[0m  [["version", "20230322074229"]]
  [1m[36mTRANSACTION (0.9ms)[0m  [1m[36mcommit transaction[0m
  [1m[36mActiveRecord::InternalMetadata Load (0.2ms)[0m  [1m[34mSELECT "ar_internal_metadata".* FROM "ar_internal_metadata" WHERE "ar_internal_metadata"."key" = ? LIMIT ?[0m  [["key", "environment"], ["LIMIT", 1]]
  [1m[36mTRANSACTION (0.1ms)[0m  [1m[36mbegin transaction[0m
  [1m[36mActiveRecord::InternalMetadata Create (0.6ms)[0m  [1m[32mINSERT INTO "ar_internal_metadata" ("key", "value", "created_at", "updated_at") VALUES (?, ?, ?, ?)[0m  [["key", "environment"], ["value", "development"], ["created_at", "2023-03-22 07:42:48.158462"], ["updated_at", "2023-03-22 07:42:48.158462"]]
  [1m[36mTRANSACTION (0.8ms)[0m  [1m[36mcommit transaction[0m
  [1m[36mActiveRecord::SchemaMigration Pluck (0.1ms)[0m  [1m[34mSELECT "schema_migrations"."version" FROM "schema_migrations" ORDER BY "schema_migrations"."version" ASC[0m
  [1m[36mActiveRecord::SchemaMigration Pluck (0.1ms)[0m  [1m[34mSELECT "schema_migrations"."version" FROM "schema_migrations" ORDER BY "schema_migrations"."version" ASC[0m
  [1m[36mActiveRecord::InternalMetadata Load (0.1ms)[0m  [1m[34mSELECT "ar_internal_metadata".* FROM "ar_internal_metadata" WHERE "ar_internal_metadata"."key" = ? LIMIT ?[0m  [["key", "environment"], ["LIMIT", 1]]
  [1m[36mActiveRecord::SchemaMigration Pluck (0.1ms)[0m  [1m[34mSELECT "schema_migrations"."version" FROM "schema_migrations" ORDER BY "schema_migrations"."version" ASC[0m
  [1m[36mActiveRecord::SchemaMigration Pluck (0.1ms)[0m  [1m[34mSELECT "schema_migrations"."version" FROM "schema_migrations" ORDER BY "schema_migrations"."version" ASC[0m
  [1m[36mActiveRecord::SchemaMigration Pluck (0.1ms)[0m  [1m[34mSELECT "schema_migrations"."version" FROM "schema_migrations" ORDER BY "schema_migrations"."version" ASC[0m
  [1m[36mActiveRecord::SchemaMigration Pluck (0.0ms)[0m  [1m[34mSELECT "schema_migrations"."version" FROM "schema_migrations" ORDER BY "schema_migrations"."version" ASC[0m
  [1m[36mActiveRecord::SchemaMigration Pluck (0.0ms)[0m  [1m[34mSELECT "schema_migrations"."version" FROM "schema_migrations" ORDER BY "schema_migrations"."version" ASC[0m
Migrating to CreateUsers (20230322074229)
  [1m[36mTRANSACTION (0.1ms)[0m  [1m[36mbegin transaction[0m
  [1m[35m (0.9ms)[0m  [1m[35mDROP TABLE "users"[0m
  [1m[36mActiveRecord::SchemaMigration Delete All (0.2ms)[0m  [1m[31mDELETE FROM "schema_migrations" WHERE "schema_migrations"."version" = ?[0m  [["version", "20230322074229"]]
  [1m[36mTRANSACTION (0.8ms)[0m  [1m[36mcommit transaction[0m
  [1m[36mActiveRecord::SchemaMigration Pluck (0.1ms)[0m  [1m[34mSELECT "schema_migrations"."version" FROM "schema_migrations" ORDER BY "schema_migrations"."version" ASC[0m
  [1m[36mActiveRecord::SchemaMigration Pluck (0.1ms)[0m  [1m[34mSELECT "schema_migrations"."version" FROM "schema_migrations" ORDER BY "schema_migrations"."version" ASC[0m
Migrating to CreateUsers (20230322074229)
  [1m[36mTRANSACTION (0.0ms)[0m  [1m[36mbegin transaction[0m
  [1m[35m (0.7ms)[0m  [1m[35mCREATE TABLE "users" ("id" integer PRIMARY KEY AUTOINCREMENT NOT NULL, "username" varchar NOT NULL, "email" varchar NOT NULL, "password_digest" varchar NOT NULL, "created_at" datetime(6) NOT NULL, "updated_at" datetime(6) NOT NULL)[0m
  [1m[36mActiveRecord::SchemaMigration Create (0.3ms)[0m  [1m[32mINSERT INTO "schema_migrations" ("version") VALUES (?)[0m  [["version", "20230322074229"]]
  [1m[36mTRANSACTION (5.9ms)[0m  [1m[36mcommit transaction[0m
  [1m[36mActiveRecord::InternalMetadata Load (0.2ms)[0m  [1m[34mSELECT "ar_internal_metadata".* FROM "ar_internal_metadata" WHERE "ar_internal_metadata"."key" = ? LIMIT ?[0m  [["key", "environment"], ["LIMIT", 1]]
  [1m[36mActiveRecord::SchemaMigration Pluck (0.1ms)[0m  [1m[34mSELECT "schema_migrations"."version" FROM "schema_migrations" ORDER BY "schema_migrations"."version" ASC[0m
Started POST "/users" for 127.0.0.1 at 2023-03-22 01:21:06 -0700
  [1m[36mActiveRecord::SchemaMigration Pluck (0.5ms)[0m  [1m[34mSELECT "schema_migrations"."version" FROM "schema_migrations" ORDER BY "schema_migrations"."version" ASC[0m
Processing by UsersController#register as */*
  Parameters: {"username"=>"kim", "email"=>"kim@mail.com", "password"=>"[FILTERED]", "user"=>{"username"=>"kim", "email"=>"kim@mail.com"}}
[31mUnpermitted parameters: :password, :user. Context: { controller: UsersController, action: register, request: #<ActionDispatch::Request:0x00007f90fd7414f0>, params: {"username"=>"kim", "email"=>"kim@mail.com", "password"=>"[FILTERED]", "controller"=>"users", "action"=>"register", "user"=>{"username"=>"kim", "email"=>"kim@mail.com"}} }[0m
  [1m[36mTRANSACTION (0.1ms)[0m  [1m[36mbegin transaction[0m
  ↳ app/controllers/users_controller.rb:5:in `register'
  [1m[36mUser Exists? (1.5ms)[0m  [1m[34mSELECT 1 AS one FROM "users" WHERE "users"."username" = ? LIMIT ?[0m  [["username", "kim"], ["LIMIT", 1]]
  ↳ app/controllers/users_controller.rb:5:in `register'
  [1m[36mUser Exists? (0.5ms)[0m  [1m[34mSELECT 1 AS one FROM "users" WHERE "users"."email" = ? LIMIT ?[0m  [["email", "kim@mail.com"], ["LIMIT", 1]]
  ↳ app/controllers/users_controller.rb:5:in `register'
  [1m[36mTRANSACTION (0.2ms)[0m  [1m[31mrollback transaction[0m
  ↳ app/controllers/users_controller.rb:5:in `register'
  [1m[36mUser Exists? (0.4ms)[0m  [1m[34mSELECT 1 AS one FROM "users" WHERE "users"."username" = ? LIMIT ?[0m  [["username", "kim"], ["LIMIT", 1]]
  ↳ app/controllers/users_controller.rb:6:in `register'
  [1m[36mUser Exists? (0.9ms)[0m  [1m[34mSELECT 1 AS one FROM "users" WHERE "users"."email" = ? LIMIT ?[0m  [["email", "kim@mail.com"], ["LIMIT", 1]]
  ↳ app/controllers/users_controller.rb:6:in `register'
Completed 500 Internal Server Error in 153ms (ActiveRecord: 7.0ms | Allocations: 42520)


  
ArgumentError (unknown keyword: :message):
  
app/controllers/application_controller.rb:4:in `app_response'
app/controllers/users_controller.rb:9:in `register'
Started POST "/users" for 127.0.0.1 at 2023-03-22 01:22:00 -0700
Processing by UsersController#register as */*
  Parameters: {"username"=>"kim", "email"=>"kim@mail.com", "password"=>"[FILTERED]", "user"=>{"username"=>"kim", "email"=>"kim@mail.com"}}
[31mUnpermitted parameters: :password, :user. Context: { controller: UsersController, action: register, request: #<ActionDispatch::Request:0x00007f9100df0438>, params: {"username"=>"kim", "email"=>"kim@mail.com", "password"=>"[FILTERED]", "controller"=>"users", "action"=>"register", "user"=>{"username"=>"kim", "email"=>"kim@mail.com"}} }[0m
  [1m[36mTRANSACTION (0.3ms)[0m  [1m[36mbegin transaction[0m
  ↳ app/controllers/users_controller.rb:5:in `register'
  [1m[36mUser Exists? (0.3ms)[0m  [1m[34mSELECT 1 AS one FROM "users" WHERE "users"."username" = ? LIMIT ?[0m  [["username", "kim"], ["LIMIT", 1]]
  ↳ app/controllers/users_controller.rb:5:in `register'
  [1m[36mUser Exists? (0.3ms)[0m  [1m[34mSELECT 1 AS one FROM "users" WHERE "users"."email" = ? LIMIT ?[0m  [["email", "kim@mail.com"], ["LIMIT", 1]]
  ↳ app/controllers/users_controller.rb:5:in `register'
  [1m[36mTRANSACTION (0.1ms)[0m  [1m[31mrollback transaction[0m
  ↳ app/controllers/users_controller.rb:5:in `register'
  [1m[36mUser Exists? (0.8ms)[0m  [1m[34mSELECT 1 AS one FROM "users" WHERE "users"."username" = ? LIMIT ?[0m  [["username", "kim"], ["LIMIT", 1]]
  ↳ app/controllers/users_controller.rb:6:in `register'
  [1m[36mUser Exists? (0.9ms)[0m  [1m[34mSELECT 1 AS one FROM "users" WHERE "users"."email" = ? LIMIT ?[0m  [["email", "kim@mail.com"], ["LIMIT", 1]]
  ↳ app/controllers/users_controller.rb:6:in `register'
Completed 200 OK in 57ms (Views: 1.6ms | ActiveRecord: 5.4ms | Allocations: 5954)


Started POST "/users" for 127.0.0.1 at 2023-03-22 01:22:46 -0700
Processing by UsersController#register as */*
  Parameters: {"username"=>"kim", "email"=>"kim@mail.com", "password"=>"[FILTERED]", "user"=>{"username"=>"kim", "email"=>"kim@mail.com"}}
[31mUnpermitted parameters: :password, :user. Context: { controller: UsersController, action: register, request: #<ActionDispatch::Request:0x00007f910211baf8>, params: {"username"=>"kim", "email"=>"kim@mail.com", "password"=>"[FILTERED]", "controller"=>"users", "action"=>"register", "user"=>{"username"=>"kim", "email"=>"kim@mail.com"}} }[0m
  [1m[36mTRANSACTION (0.1ms)[0m  [1m[36mbegin transaction[0m
  ↳ app/controllers/users_controller.rb:5:in `register'
  [1m[36mUser Exists? (0.2ms)[0m  [1m[34mSELECT 1 AS one FROM "users" WHERE "users"."username" = ? LIMIT ?[0m  [["username", "kim"], ["LIMIT", 1]]
  ↳ app/controllers/users_controller.rb:5:in `register'
  [1m[36mUser Exists? (0.1ms)[0m  [1m[34mSELECT 1 AS one FROM "users" WHERE "users"."email" = ? LIMIT ?[0m  [["email", "kim@mail.com"], ["LIMIT", 1]]
  ↳ app/controllers/users_controller.rb:5:in `register'
  [1m[36mTRANSACTION (0.1ms)[0m  [1m[31mrollback transaction[0m
  ↳ app/controllers/users_controller.rb:5:in `register'
  [1m[36mUser Exists? (0.3ms)[0m  [1m[34mSELECT 1 AS one FROM "users" WHERE "users"."username" = ? LIMIT ?[0m  [["username", "kim"], ["LIMIT", 1]]
  ↳ app/controllers/users_controller.rb:6:in `register'
  [1m[36mUser Exists? (0.2ms)[0m  [1m[34mSELECT 1 AS one FROM "users" WHERE "users"."email" = ? LIMIT ?[0m  [["email", "kim@mail.com"], ["LIMIT", 1]]
  ↳ app/controllers/users_controller.rb:6:in `register'
Completed 200 OK in 78ms (Views: 45.0ms | ActiveRecord: 1.9ms | Allocations: 9262)


Started POST "/users" for 127.0.0.1 at 2023-03-22 01:23:28 -0700
Processing by UsersController#register as */*
  Parameters: {"username"=>"kim", "email"=>"kim@mail.com", "password"=>"[FILTERED]", "user"=>{"username"=>"kim", "email"=>"kim@mail.com"}}
[31mUnpermitted parameter: :user. Context: { controller: UsersController, action: register, request: #<ActionDispatch::Request:0x00007f9100be65e8>, params: {"username"=>"kim", "email"=>"kim@mail.com", "password"=>"[FILTERED]", "controller"=>"users", "action"=>"register", "user"=>{"username"=>"kim", "email"=>"kim@mail.com"}} }[0m
  [1m[36mTRANSACTION (0.1ms)[0m  [1m[36mbegin transaction[0m
  ↳ app/controllers/users_controller.rb:5:in `register'
  [1m[36mUser Exists? (0.3ms)[0m  [1m[34mSELECT 1 AS one FROM "users" WHERE "users"."username" = ? LIMIT ?[0m  [["username", "kim"], ["LIMIT", 1]]
  ↳ app/controllers/users_controller.rb:5:in `register'
  [1m[36mUser Exists? (0.2ms)[0m  [1m[34mSELECT 1 AS one FROM "users" WHERE "users"."email" = ? LIMIT ?[0m  [["email", "kim@mail.com"], ["LIMIT", 1]]
  ↳ app/controllers/users_controller.rb:5:in `register'
  [1m[36mTRANSACTION (0.4ms)[0m  [1m[31mrollback transaction[0m
  ↳ app/controllers/users_controller.rb:5:in `register'
  [1m[36mUser Exists? (0.3ms)[0m  [1m[34mSELECT 1 AS one FROM "users" WHERE "users"."username" = ? LIMIT ?[0m  [["username", "kim"], ["LIMIT", 1]]
  ↳ app/controllers/users_controller.rb:6:in `register'
  [1m[36mUser Exists? (0.2ms)[0m  [1m[34mSELECT 1 AS one FROM "users" WHERE "users"."email" = ? LIMIT ?[0m  [["email", "kim@mail.com"], ["LIMIT", 1]]
  ↳ app/controllers/users_controller.rb:6:in `register'
Completed 200 OK in 261ms (Views: 1.2ms | ActiveRecord: 2.7ms | Allocations: 6293)


Started POST "/users" for 127.0.0.1 at 2023-03-22 01:23:43 -0700
Processing by UsersController#register as */*
  Parameters: {"username"=>"kimnjo", "email"=>"kim@mail.com", "password"=>"[FILTERED]", "user"=>{"username"=>"kimnjo", "email"=>"kim@mail.com"}}
[31mUnpermitted parameter: :user. Context: { controller: UsersController, action: register, request: #<ActionDispatch::Request:0x00007f90fa614b70>, params: {"username"=>"kimnjo", "email"=>"kim@mail.com", "password"=>"[FILTERED]", "controller"=>"users", "action"=>"register", "user"=>{"username"=>"kimnjo", "email"=>"kim@mail.com"}} }[0m
  [1m[36mTRANSACTION (0.1ms)[0m  [1m[36mbegin transaction[0m
  ↳ app/controllers/users_controller.rb:5:in `register'
  [1m[36mUser Exists? (0.3ms)[0m  [1m[34mSELECT 1 AS one FROM "users" WHERE "users"."username" = ? LIMIT ?[0m  [["username", "kimnjo"], ["LIMIT", 1]]
  ↳ app/controllers/users_controller.rb:5:in `register'
  [1m[36mUser Exists? (0.2ms)[0m  [1m[34mSELECT 1 AS one FROM "users" WHERE "users"."email" = ? LIMIT ?[0m  [["email", "kim@mail.com"], ["LIMIT", 1]]
  ↳ app/controllers/users_controller.rb:5:in `register'
  [1m[36mUser Create (1.1ms)[0m  [1m[32mINSERT INTO "users" ("username", "email", "password_digest", "created_at", "updated_at") VALUES (?, ?, ?, ?, ?)[0m  [["username", "kimnjo"], ["email", "kim@mail.com"], ["password_digest", "[FILTERED]"], ["created_at", "2023-03-22 08:23:43.332031"], ["updated_at", "2023-03-22 08:23:43.332031"]]
  ↳ app/controllers/users_controller.rb:5:in `register'
  [1m[36mTRANSACTION (8.1ms)[0m  [1m[36mcommit transaction[0m
  ↳ app/controllers/users_controller.rb:5:in `register'
  [1m[36mUser Exists? (0.3ms)[0m  [1m[34mSELECT 1 AS one FROM "users" WHERE "users"."username" = ? AND "users"."id" != ? LIMIT ?[0m  [["username", "kimnjo"], ["id", 1], ["LIMIT", 1]]
  ↳ app/controllers/users_controller.rb:6:in `register'
  [1m[36mUser Exists? (0.3ms)[0m  [1m[34mSELECT 1 AS one FROM "users" WHERE "users"."email" = ? AND "users"."id" != ? LIMIT ?[0m  [["email", "kim@mail.com"], ["id", 1], ["LIMIT", 1]]
  ↳ app/controllers/users_controller.rb:6:in `register'
Completed 200 OK in 266ms (Views: 0.8ms | ActiveRecord: 10.3ms | Allocations: 4990)


Started GET "/users/login/check" for 127.0.0.1 at 2023-03-23 00:50:21 -0700
  [1m[36mActiveRecord::SchemaMigration Pluck (0.7ms)[0m  [1m[34mSELECT "schema_migrations"."version" FROM "schema_migrations" ORDER BY "schema_migrations"."version" ASC[0m
  
ActionController::RoutingError (uninitialized constant UserController
Did you mean?  UsersController):
  
Started GET "/users/login/check" for 127.0.0.1 at 2023-03-23 00:53:25 -0700
  
ActionController::RoutingError (uninitialized constant UserController
Did you mean?  UsersController):
  
Started GET "/users/login/check" for 127.0.0.1 at 2023-03-23 00:53:43 -0700
  
SyntaxError (/Users/kimathinjoki/Development/code/phase-4/taskCargo/api/app/controllers/application_controller.rb:16: syntax error, unexpected ';', expecting ']'
        session[;expiry] = 6.hours.from_now
                ^
/Users/kimathinjoki/Development/code/phase-4/taskCargo/api/app/controllers/application_controller.rb:33: syntax error, unexpected '='
        session[:expiry] || = Time.now
                            ^
):
  
app/controllers/application_controller.rb:16: syntax error, unexpected ';', expecting ']'
app/controllers/application_controller.rb:33: syntax error, unexpected '='
app/controllers/application_controller.rb:16: syntax error, unexpected ';', expecting ']'
app/controllers/application_controller.rb:33: syntax error, unexpected '='
app/controllers/users_controller.rb:1:in `<main>'
Started GET "/users/login/check" for 127.0.0.1 at 2023-03-23 00:54:22 -0700
  
SyntaxError (/Users/kimathinjoki/Development/code/phase-4/taskCargo/api/app/controllers/application_controller.rb:16: syntax error, unexpected ';', expecting ']'
        session[;expiry] = 6.hours.from_now
                ^
):
  
app/controllers/application_controller.rb:16: syntax error, unexpected ';', expecting ']'
app/controllers/application_controller.rb:16: syntax error, unexpected ';', expecting ']'
app/controllers/users_controller.rb:1:in `<main>'
Started GET "/users/login/check" for 127.0.0.1 at 2023-03-23 00:54:52 -0700
Processing by UsersController#check_login_status as */*
Filter chain halted as :session_expired? rendered or redirected
Completed 401 Unauthorized in 7ms (Views: 0.7ms | Allocations: 1092)


Started GET "/users/login/check" for 127.0.0.1 at 2023-03-23 01:01:47 -0700
Processing by UsersController#check_login_status as */*
Filter chain halted as :session_expired? rendered or redirected
Completed 401 Unauthorized in 5ms (Views: 0.4ms | Allocations: 484)


  [1m[36mActiveRecord::SchemaMigration Pluck (0.4ms)[0m  [1m[34mSELECT "schema_migrations"."version" FROM "schema_migrations" ORDER BY "schema_migrations"."version" ASC[0m
Migrating to CreateTodos (20230323082717)
  [1m[36mTRANSACTION (0.1ms)[0m  [1m[36mbegin transaction[0m
  [1m[35m (0.6ms)[0m  [1m[35mCREATE TABLE "todos" ("id" integer PRIMARY KEY AUTOINCREMENT NOT NULL, "title" varchar NOT NULL, "description" text NOT NULL, "status" integer DEFAULT 0 NOT NULL, "priority" integer DEFAULT 0 NOT NULL, "user_id" integer NOT NULL, "created_at" datetime(6) NOT NULL, "updated_at" datetime(6) NOT NULL, CONSTRAINT "fk_rails_d94154aa95"
FOREIGN KEY ("user_id")
  REFERENCES "users" ("id")
)[0m
  [1m[35m (0.1ms)[0m  [1m[35mCREATE INDEX "index_todos_on_user_id" ON "todos" ("user_id")[0m
  [1m[36mActiveRecord::SchemaMigration Create (0.5ms)[0m  [1m[32mINSERT INTO "schema_migrations" ("version") VALUES (?)[0m  [["version", "20230323082717"]]
  [1m[36mTRANSACTION (0.9ms)[0m  [1m[36mcommit transaction[0m
  [1m[36mActiveRecord::InternalMetadata Load (0.8ms)[0m  [1m[34mSELECT "ar_internal_metadata".* FROM "ar_internal_metadata" WHERE "ar_internal_metadata"."key" = ? LIMIT ?[0m  [["key", "environment"], ["LIMIT", 1]]
  [1m[36mActiveRecord::SchemaMigration Pluck (0.2ms)[0m  [1m[34mSELECT "schema_migrations"."version" FROM "schema_migrations" ORDER BY "schema_migrations"."version" ASC[0m
  [1m[36mActiveRecord::SchemaMigration Pluck (0.4ms)[0m  [1m[34mSELECT "schema_migrations"."version" FROM "schema_migrations" ORDER BY "schema_migrations"."version" ASC[0m
Started POST "/users" for 127.0.0.1 at 2023-03-23 01:58:52 -0700
  [1m[36mActiveRecord::SchemaMigration Pluck (1.3ms)[0m  [1m[34mSELECT "schema_migrations"."version" FROM "schema_migrations" ORDER BY "schema_migrations"."version" ASC[0m
Processing by UsersController#register as */*
  Parameters: {"username"=>"kim", "email"=>"kim@mail.com", "password"=>"[FILTERED]", "user"=>{"username"=>"kim", "email"=>"kim@mail.com"}}
[31mUnpermitted parameter: :user. Context: { controller: UsersController, action: register, request: #<ActionDispatch::Request:0x00007faeae53dc20>, params: {"username"=>"kim", "email"=>"kim@mail.com", "password"=>"[FILTERED]", "controller"=>"users", "action"=>"register", "user"=>{"username"=>"kim", "email"=>"kim@mail.com"}} }[0m
  [1m[36mTRANSACTION (0.1ms)[0m  [1m[36mbegin transaction[0m
  ↳ app/controllers/users_controller.rb:8:in `register'
  [1m[36mUser Exists? (0.9ms)[0m  [1m[34mSELECT 1 AS one FROM "users" WHERE "users"."username" = ? LIMIT ?[0m  [["username", "kim"], ["LIMIT", 1]]
  ↳ app/controllers/users_controller.rb:8:in `register'
  [1m[36mUser Exists? (0.2ms)[0m  [1m[34mSELECT 1 AS one FROM "users" WHERE "users"."email" = ? LIMIT ?[0m  [["email", "kim@mail.com"], ["LIMIT", 1]]
  ↳ app/controllers/users_controller.rb:8:in `register'
  [1m[36mTRANSACTION (0.3ms)[0m  [1m[31mrollback transaction[0m
  ↳ app/controllers/users_controller.rb:8:in `register'
  [1m[36mUser Exists? (0.2ms)[0m  [1m[34mSELECT 1 AS one FROM "users" WHERE "users"."username" = ? LIMIT ?[0m  [["username", "kim"], ["LIMIT", 1]]
  ↳ app/controllers/users_controller.rb:9:in `register'
  [1m[36mUser Exists? (0.2ms)[0m  [1m[34mSELECT 1 AS one FROM "users" WHERE "users"."email" = ? LIMIT ?[0m  [["email", "kim@mail.com"], ["LIMIT", 1]]
  ↳ app/controllers/users_controller.rb:9:in `register'
Completed 422 Unprocessable Entity in 323ms (Views: 8.3ms | ActiveRecord: 4.0ms | Allocations: 42896)


Started POST "/users" for 127.0.0.1 at 2023-03-23 01:59:03 -0700
Processing by UsersController#register as */*
  Parameters: {"username"=>"kimkim", "email"=>"kim@mail.com", "password"=>"[FILTERED]", "user"=>{"username"=>"kimkim", "email"=>"kim@mail.com"}}
[31mUnpermitted parameter: :user. Context: { controller: UsersController, action: register, request: #<ActionDispatch::Request:0x00007faeb2064358>, params: {"username"=>"kimkim", "email"=>"kim@mail.com", "password"=>"[FILTERED]", "controller"=>"users", "action"=>"register", "user"=>{"username"=>"kimkim", "email"=>"kim@mail.com"}} }[0m
  [1m[36mTRANSACTION (0.1ms)[0m  [1m[36mbegin transaction[0m
  ↳ app/controllers/users_controller.rb:8:in `register'
  [1m[36mUser Exists? (0.3ms)[0m  [1m[34mSELECT 1 AS one FROM "users" WHERE "users"."username" = ? LIMIT ?[0m  [["username", "kimkim"], ["LIMIT", 1]]
  ↳ app/controllers/users_controller.rb:8:in `register'
  [1m[36mUser Exists? (0.2ms)[0m  [1m[34mSELECT 1 AS one FROM "users" WHERE "users"."email" = ? LIMIT ?[0m  [["email", "kim@mail.com"], ["LIMIT", 1]]
  ↳ app/controllers/users_controller.rb:8:in `register'
  [1m[36mTRANSACTION (0.3ms)[0m  [1m[31mrollback transaction[0m
  ↳ app/controllers/users_controller.rb:8:in `register'
  [1m[36mUser Exists? (0.3ms)[0m  [1m[34mSELECT 1 AS one FROM "users" WHERE "users"."username" = ? LIMIT ?[0m  [["username", "kimkim"], ["LIMIT", 1]]
  ↳ app/controllers/users_controller.rb:9:in `register'
  [1m[36mUser Exists? (0.3ms)[0m  [1m[34mSELECT 1 AS one FROM "users" WHERE "users"."email" = ? LIMIT ?[0m  [["email", "kim@mail.com"], ["LIMIT", 1]]
  ↳ app/controllers/users_controller.rb:9:in `register'
Completed 422 Unprocessable Entity in 248ms (Views: 0.8ms | ActiveRecord: 1.4ms | Allocations: 4270)


Started POST "/users" for 127.0.0.1 at 2023-03-23 01:59:14 -0700
Processing by UsersController#register as */*
  Parameters: {"username"=>"kimkim", "email"=>"kimkim@mail.com", "password"=>"[FILTERED]", "user"=>{"username"=>"kimkim", "email"=>"kimkim@mail.com"}}
[31mUnpermitted parameter: :user. Context: { controller: UsersController, action: register, request: #<ActionDispatch::Request:0x00007faeb20779d0>, params: {"username"=>"kimkim", "email"=>"kimkim@mail.com", "password"=>"[FILTERED]", "controller"=>"users", "action"=>"register", "user"=>{"username"=>"kimkim", "email"=>"kimkim@mail.com"}} }[0m
  [1m[36mTRANSACTION (0.1ms)[0m  [1m[36mbegin transaction[0m
  ↳ app/controllers/users_controller.rb:8:in `register'
  [1m[36mUser Exists? (0.7ms)[0m  [1m[34mSELECT 1 AS one FROM "users" WHERE "users"."username" = ? LIMIT ?[0m  [["username", "kimkim"], ["LIMIT", 1]]
  ↳ app/controllers/users_controller.rb:8:in `register'
  [1m[36mUser Exists? (0.3ms)[0m  [1m[34mSELECT 1 AS one FROM "users" WHERE "users"."email" = ? LIMIT ?[0m  [["email", "kimkim@mail.com"], ["LIMIT", 1]]
  ↳ app/controllers/users_controller.rb:8:in `register'
  [1m[36mUser Create (9.6ms)[0m  [1m[32mINSERT INTO "users" ("username", "email", "password_digest", "created_at", "updated_at") VALUES (?, ?, ?, ?, ?)[0m  [["username", "kimkim"], ["email", "kimkim@mail.com"], ["password_digest", "[FILTERED]"], ["created_at", "2023-03-23 08:59:14.907722"], ["updated_at", "2023-03-23 08:59:14.907722"]]
  ↳ app/controllers/users_controller.rb:8:in `register'
  [1m[36mTRANSACTION (2.3ms)[0m  [1m[36mcommit transaction[0m
  ↳ app/controllers/users_controller.rb:8:in `register'
  [1m[36mUser Exists? (0.5ms)[0m  [1m[34mSELECT 1 AS one FROM "users" WHERE "users"."username" = ? AND "users"."id" != ? LIMIT ?[0m  [["username", "kimkim"], ["id", 2], ["LIMIT", 1]]
  ↳ app/controllers/users_controller.rb:9:in `register'
  [1m[36mUser Exists? (0.4ms)[0m  [1m[34mSELECT 1 AS one FROM "users" WHERE "users"."email" = ? AND "users"."id" != ? LIMIT ?[0m  [["email", "kimkim@mail.com"], ["id", 2], ["LIMIT", 1]]
  ↳ app/controllers/users_controller.rb:9:in `register'
Completed 201 Created in 309ms (Views: 0.8ms | ActiveRecord: 13.8ms | Allocations: 5430)


Started GET "/users/login/check" for 127.0.0.1 at 2023-03-23 02:00:08 -0700
Processing by UsersController#check_login_status as */*
  Parameters: {"username"=>"kimkim", "email"=>"kimkim@mail.com", "password"=>"[FILTERED]", "user"=>{"username"=>"kimkim", "email"=>"kimkim@mail.com"}}
Completed 200 OK in 4ms (Views: 0.4ms | ActiveRecord: 0.0ms | Allocations: 405)


Started POST "/todos" for 127.0.0.1 at 2023-03-23 02:04:16 -0700
  
ArgumentError (Unknown validator: 'PresenseValidator'):
  
app/models/todo.rb:12:in `<class:Todo>'
app/models/todo.rb:1:in `<main>'
Error occurred while parsing request parameters.
Contents:

{
  "title": "kimkim",
  "description": "kimkim@mail.com",
  "status": 1
  "priority": 2
}
Started POST "/todos" for 127.0.0.1 at 2023-03-23 02:06:47 -0700
  
ArgumentError (You tried to define an enum named "status" on the model "Todo", but this will generate a instance method "CREATED?", which is already defined by another enum.):
  
app/models/todo.rb:4:in `<class:Todo>'
app/models/todo.rb:1:in `<main>'
Error occurred while parsing request parameters.
Contents:

{
  "title": "kimkim",
  "description": "kimkim@mail.com",
 
}
Started POST "/todos" for 127.0.0.1 at 2023-03-23 02:07:47 -0700
  
ArgumentError (You tried to define an enum named "status" on the model "Todo", but this will generate a instance method "CREATED?", which is already defined by another enum.):
  
app/models/todo.rb:4:in `<class:Todo>'
app/models/todo.rb:1:in `<main>'
Started POST "/todos" for 127.0.0.1 at 2023-03-23 02:13:30 -0700
  
ArgumentError (Unknown validator: 'PresenseValidator'):
  
app/models/todo.rb:12:in `<class:Todo>'
app/models/todo.rb:1:in `<main>'
Started POST "/todos" for 127.0.0.1 at 2023-03-23 02:13:58 -0700
Processing by TodosController#create as */*
  Parameters: {"title"=>"kimkim", "description"=>"kimkim@mail.com", "status"=>1, "priority"=>2, "todo"=>{"title"=>"kimkim", "description"=>"kimkim@mail.com", "status"=>1, "priority"=>2}}
Completed 500 Internal Server Error in 9ms (ActiveRecord: 1.0ms | Allocations: 3289)


  
NoMethodError (undefined method `to_i' for {"id"=>2}:Hash
Did you mean?  to_s
               to_a
               to_h):
  
app/controllers/application_controller.rb:50:in `user'
app/controllers/todos_controller.rb:8:in `create'
Started POST "/todos" for 127.0.0.1 at 2023-03-23 02:17:36 -0700
Processing by TodosController#create as */*
  Parameters: {"title"=>"kimkim", "description"=>"kimkim@mail.com", "status"=>1, "priority"=>2, "todo"=>{"title"=>"kimkim", "description"=>"kimkim@mail.com", "status"=>1, "priority"=>2}}
  [1m[36mUser Load (0.2ms)[0m  [1m[34mSELECT "users".* FROM "users" WHERE "users"."id" = ? LIMIT ?[0m  [["id", nil], ["LIMIT", 1]]
  ↳ app/controllers/application_controller.rb:50:in `user'
Completed 404 Not Found in 15ms (ActiveRecord: 2.4ms | Allocations: 3343)


  
ActiveRecord::RecordNotFound (Couldn't find User with 'id'={"id"=>2}):
  
app/controllers/application_controller.rb:50:in `user'
app/controllers/todos_controller.rb:8:in `create'
Started POST "/todos" for 127.0.0.1 at 2023-03-23 02:18:20 -0700
Processing by TodosController#create as */*
  Parameters: {"title"=>"kimkim", "description"=>"kimkim@mail.com", "status"=>1, "priority"=>2, "todo"=>{"title"=>"kimkim", "description"=>"kimkim@mail.com", "status"=>1, "priority"=>2}}
Completed 500 Internal Server Error in 7ms (ActiveRecord: 1.2ms | Allocations: 3213)


  
NoMethodError (undefined method `to_i' for {"id"=>2}:Hash
Did you mean?  to_s
               to_a
               to_h):
  
app/controllers/application_controller.rb:50:in `user'
app/controllers/todos_controller.rb:8:in `create'
Started POST "/todos" for 127.0.0.1 at 2023-03-23 02:18:36 -0700
Processing by TodosController#create as */*
  Parameters: {"title"=>"kimkim", "description"=>"kimkim@mail.com", "status"=>1, "priority"=>2, "todo"=>{"title"=>"kimkim", "description"=>"kimkim@mail.com", "status"=>1, "priority"=>2}}
Completed 500 Internal Server Error in 3ms (ActiveRecord: 0.0ms | Allocations: 1480)


  
NoMethodError (undefined method `to_i' for {"id"=>2}:Hash
Did you mean?  to_s
               to_a
               to_h):
  
app/controllers/application_controller.rb:50:in `user'
app/controllers/todos_controller.rb:8:in `create'
Started POST "/users" for 127.0.0.1 at 2023-03-23 02:21:01 -0700
Processing by UsersController#register as */*
  Parameters: {"username"=>"dick", "email"=>"dick@mail.com", "password"=>"[FILTERED]", "user"=>{"username"=>"dick", "email"=>"dick@mail.com"}}
[31mUnpermitted parameter: :user. Context: { controller: UsersController, action: register, request: #<ActionDispatch::Request:0x00007faeae6d3148>, params: {"username"=>"dick", "email"=>"dick@mail.com", "password"=>"[FILTERED]", "controller"=>"users", "action"=>"register", "user"=>{"username"=>"dick", "email"=>"dick@mail.com"}} }[0m
  [1m[36mTRANSACTION (0.1ms)[0m  [1m[36mbegin transaction[0m
  ↳ app/controllers/users_controller.rb:8:in `register'
  [1m[36mUser Exists? (3.3ms)[0m  [1m[34mSELECT 1 AS one FROM "users" WHERE "users"."username" = ? LIMIT ?[0m  [["username", "dick"], ["LIMIT", 1]]
  ↳ app/controllers/users_controller.rb:8:in `register'
  [1m[36mUser Exists? (0.2ms)[0m  [1m[34mSELECT 1 AS one FROM "users" WHERE "users"."email" = ? LIMIT ?[0m  [["email", "dick@mail.com"], ["LIMIT", 1]]
  ↳ app/controllers/users_controller.rb:8:in `register'
  [1m[36mTRANSACTION (0.1ms)[0m  [1m[31mrollback transaction[0m
  ↳ app/controllers/users_controller.rb:8:in `register'
  [1m[36mUser Exists? (0.4ms)[0m  [1m[34mSELECT 1 AS one FROM "users" WHERE "users"."username" = ? LIMIT ?[0m  [["username", "dick"], ["LIMIT", 1]]
  ↳ app/controllers/users_controller.rb:9:in `register'
  [1m[36mUser Exists? (1.2ms)[0m  [1m[34mSELECT 1 AS one FROM "users" WHERE "users"."email" = ? LIMIT ?[0m  [["email", "dick@mail.com"], ["LIMIT", 1]]
  ↳ app/controllers/users_controller.rb:9:in `register'
Completed 422 Unprocessable Entity in 291ms (Views: 2.1ms | ActiveRecord: 7.2ms | Allocations: 6339)


Started POST "/users" for 127.0.0.1 at 2023-03-23 02:21:21 -0700
Processing by UsersController#register as */*
  Parameters: {"username"=>"dick", "email"=>"dick@mail.com", "password"=>"[FILTERED]", "user"=>{"username"=>"dick", "email"=>"dick@mail.com"}}
[31mUnpermitted parameter: :user. Context: { controller: UsersController, action: register, request: #<ActionDispatch::Request:0x00007faeb11ddcd0>, params: {"username"=>"dick", "email"=>"dick@mail.com", "password"=>"[FILTERED]", "controller"=>"users", "action"=>"register", "user"=>{"username"=>"dick", "email"=>"dick@mail.com"}} }[0m
  [1m[36mTRANSACTION (0.1ms)[0m  [1m[36mbegin transaction[0m
  ↳ app/controllers/users_controller.rb:8:in `register'
  [1m[36mUser Exists? (0.3ms)[0m  [1m[34mSELECT 1 AS one FROM "users" WHERE "users"."username" = ? LIMIT ?[0m  [["username", "dick"], ["LIMIT", 1]]
  ↳ app/controllers/users_controller.rb:8:in `register'
  [1m[36mUser Exists? (0.2ms)[0m  [1m[34mSELECT 1 AS one FROM "users" WHERE "users"."email" = ? LIMIT ?[0m  [["email", "dick@mail.com"], ["LIMIT", 1]]
  ↳ app/controllers/users_controller.rb:8:in `register'
  [1m[36mUser Create (6.1ms)[0m  [1m[32mINSERT INTO "users" ("username", "email", "password_digest", "created_at", "updated_at") VALUES (?, ?, ?, ?, ?)[0m  [["username", "dick"], ["email", "dick@mail.com"], ["password_digest", "[FILTERED]"], ["created_at", "2023-03-23 09:21:21.548618"], ["updated_at", "2023-03-23 09:21:21.548618"]]
  ↳ app/controllers/users_controller.rb:8:in `register'
  [1m[36mTRANSACTION (0.9ms)[0m  [1m[36mcommit transaction[0m
  ↳ app/controllers/users_controller.rb:8:in `register'
  [1m[36mUser Exists? (0.3ms)[0m  [1m[34mSELECT 1 AS one FROM "users" WHERE "users"."username" = ? AND "users"."id" != ? LIMIT ?[0m  [["username", "dick"], ["id", 3], ["LIMIT", 1]]
  ↳ app/controllers/users_controller.rb:9:in `register'
  [1m[36mUser Exists? (0.5ms)[0m  [1m[34mSELECT 1 AS one FROM "users" WHERE "users"."email" = ? AND "users"."id" != ? LIMIT ?[0m  [["email", "dick@mail.com"], ["id", 3], ["LIMIT", 1]]
  ↳ app/controllers/users_controller.rb:9:in `register'
Completed 201 Created in 298ms (Views: 0.6ms | ActiveRecord: 10.1ms | Allocations: 6962)


Started POST "/todos" for 127.0.0.1 at 2023-03-23 02:22:16 -0700
Processing by TodosController#create as */*
  Parameters: {"title"=>"dick", "description"=>"dick@mail.com", "status"=>1, "priority"=>1, "todo"=>{"title"=>"dick", "description"=>"dick@mail.com", "status"=>1, "priority"=>1}}
  [1m[36mUser Load (0.2ms)[0m  [1m[34mSELECT "users".* FROM "users" WHERE "users"."id" = ? LIMIT ?[0m  [["id", 3], ["LIMIT", 1]]
  ↳ app/controllers/application_controller.rb:50:in `user'
[31mUnpermitted parameter: :todo. Context: { controller: TodosController, action: create, request: #<ActionDispatch::Request:0x00007faeae568d30>, params: {"title"=>"dick", "description"=>"dick@mail.com", "status"=>1, "priority"=>1, "controller"=>"todos", "action"=>"create", "todo"=>{"title"=>"dick", "description"=>"dick@mail.com", "status"=>1, "priority"=>1}} }[0m
Completed 422 Unprocessable Entity in 62ms (Views: 1.5ms | ActiveRecord: 1.0ms | Allocations: 24269)


Started POST "/todos" for 127.0.0.1 at 2023-03-23 02:23:00 -0700
Processing by TodosController#create as */*
  Parameters: {"title"=>"dicky", "description"=>"dick@mail.com can give you best app", "status"=>1, "priority"=>1, "todo"=>{"title"=>"dicky", "description"=>"dick@mail.com can give you best app", "status"=>1, "priority"=>1}}
  [1m[36mUser Load (0.2ms)[0m  [1m[34mSELECT "users".* FROM "users" WHERE "users"."id" = ? LIMIT ?[0m  [["id", 3], ["LIMIT", 1]]
  ↳ app/controllers/application_controller.rb:50:in `user'
[31mUnpermitted parameter: :todo. Context: { controller: TodosController, action: create, request: #<ActionDispatch::Request:0x00007faeb1633b18>, params: {"title"=>"dicky", "description"=>"dick@mail.com can give you best app", "status"=>1, "priority"=>1, "controller"=>"todos", "action"=>"create", "todo"=>{"title"=>"dicky", "description"=>"dick@mail.com can give you best app", "status"=>1, "priority"=>1}} }[0m
  [1m[36mTRANSACTION (0.1ms)[0m  [1m[36mbegin transaction[0m
  ↳ app/controllers/todos_controller.rb:8:in `create'
  [1m[36mTodo Create (7.3ms)[0m  [1m[32mINSERT INTO "todos" ("title", "description", "status", "priority", "user_id", "created_at", "updated_at") VALUES (?, ?, ?, ?, ?, ?, ?)[0m  [["title", "dicky"], ["description", "dick@mail.com can give you best app"], ["status", 1], ["priority", 1], ["user_id", 3], ["created_at", "2023-03-23 09:23:00.626275"], ["updated_at", "2023-03-23 09:23:00.626275"]]
  ↳ app/controllers/todos_controller.rb:8:in `create'
  [1m[36mTRANSACTION (1.1ms)[0m  [1m[36mcommit transaction[0m
  ↳ app/controllers/todos_controller.rb:8:in `create'
Completed 201 Created in 18ms (Views: 0.4ms | ActiveRecord: 8.6ms | Allocations: 3069)


Started PUT "/todos/1" for 127.0.0.1 at 2023-03-23 02:54:31 -0700
  
ArgumentError (Missing :controller key on routes definition, please check your routes.):
  
config/routes.rb:18:in `block in <main>'
config/routes.rb:1:in `<main>'
Started PUT "/todos/1" for 127.0.0.1 at 2023-03-23 02:54:57 -0700
Processing by TodosController#update as */*
  Parameters: {"title"=>"dicky", "description"=>"where you can give you best app", "status"=>1, "priority"=>1, "id"=>"1", "todo"=>{"title"=>"dicky", "description"=>"where you can give you best app", "status"=>1, "priority"=>1}}
  [1m[36mUser Load (0.6ms)[0m  [1m[34mSELECT "users".* FROM "users" WHERE "users"."id" = ? LIMIT ?[0m  [["id", 3], ["LIMIT", 1]]
  ↳ app/controllers/application_controller.rb:50:in `user'
  [1m[36mTodo Load (0.5ms)[0m  [1m[34mSELECT "todos".* FROM "todos" WHERE "todos"."user_id" = ? AND "todos"."id" = ? LIMIT ?[0m  [["user_id", 3], ["id", 1], ["LIMIT", 1]]
  ↳ app/controllers/todos_controller.rb:19:in `update'
[31mUnpermitted parameters: :id, :todo. Context: { controller: TodosController, action: update, request: #<ActionDispatch::Request:0x00007faeacdb4a18>, params: {"title"=>"dicky", "description"=>"where you can give you best app", "status"=>1, "priority"=>1, "controller"=>"todos", "action"=>"update", "id"=>"1", "todo"=>{"title"=>"dicky", "description"=>"where you can give you best app", "status"=>1, "priority"=>1}} }[0m
  [1m[36mTRANSACTION (0.1ms)[0m  [1m[36mbegin transaction[0m
  ↳ app/controllers/todos_controller.rb:19:in `update'
  [1m[36mTodo Update (3.6ms)[0m  [1m[33mUPDATE "todos" SET "description" = ?, "updated_at" = ? WHERE "todos"."id" = ?[0m  [["description", "where you can give you best app"], ["updated_at", "2023-03-23 09:54:57.953702"], ["id", 1]]
  ↳ app/controllers/todos_controller.rb:19:in `update'
  [1m[36mTRANSACTION (3.4ms)[0m  [1m[36mcommit transaction[0m
  ↳ app/controllers/todos_controller.rb:19:in `update'
Completed 200 OK in 51ms (Views: 1.1ms | ActiveRecord: 8.7ms | Allocations: 9189)


Started GET "/todos" for 127.0.0.1 at 2023-03-23 03:08:32 -0700
  
SyntaxError (/Users/kimathinjoki/Development/code/phase-4/taskCargo/api/app/controllers/todos_controller.rb:31: syntax error, unexpected integer literal, expecting literal content or terminator or tSTRING_DBEG or tSTRING_DVAR
... data: {info: ""}, status: :204)
...                            ^~~
/Users/kimathinjoki/Development/code/phase-4/taskCargo/api/app/controllers/todos_controller.rb:54: syntax error, unexpected end-of-input, expecting `end'):
  
app/controllers/todos_controller.rb:31: syntax error, unexpected integer literal, expecting literal content or terminator or tSTRING_DBEG or tSTRING_DVAR
app/controllers/todos_controller.rb:54: syntax error, unexpected end-of-input, expecting `end'
app/controllers/todos_controller.rb:31: syntax error, unexpected integer literal, expecting literal content or terminator or tSTRING_DBEG or tSTRING_DVAR
app/controllers/todos_controller.rb:54: syntax error, unexpected end-of-input, expecting `end'
Started GET "/todos" for 127.0.0.1 at 2023-03-23 03:10:00 -0700
Processing by TodosController#index as */*
  Parameters: {"title"=>"dicky", "description"=>"where you can give you best app", "status"=>1, "priority"=>1, "todo"=>{"title"=>"dicky", "description"=>"where you can give you best app", "status"=>1, "priority"=>1}}
  [1m[36mUser Load (1.6ms)[0m  [1m[34mSELECT "users".* FROM "users" WHERE "users"."id" = ? LIMIT ?[0m  [["id", 3], ["LIMIT", 1]]
  ↳ app/controllers/application_controller.rb:50:in `user'
  [1m[36mTodo Load (1.4ms)[0m  [1m[34mSELECT "todos".* FROM "todos" WHERE "todos"."user_id" = ?[0m  [["user_id", 3]]
  ↳ app/controllers/application_controller.rb:7:in `app_response'
Completed 200 OK in 32ms (Views: 10.2ms | ActiveRecord: 3.6ms | Allocations: 7337)


Started POST "/users/login" for 127.0.0.1 at 2023-03-27 01:27:27 -0700
  [1m[36mActiveRecord::SchemaMigration Pluck (0.7ms)[0m  [1m[34mSELECT "schema_migrations"."version" FROM "schema_migrations" ORDER BY "schema_migrations"."version" ASC[0m
  
SyntaxError (/Users/kimathinjoki/Development/code/phase-4/taskCargo/api/app/controllers/application_controller.rb:5: syntax error, unexpected symbol literal, expecting `do' or '{' or '('
...scue_from StandardError, with :standard_error
...                              ^
/Users/kimathinjoki/Development/code/phase-4/taskCargo/api/app/controllers/application_controller.rb:47: syntax error, unexpected '['
...ken = auth_headers.split(' ').[1]
...                              ^
/Users/kimathinjoki/Development/code/phase-4/taskCargo/api/app/controllers/application_controller.rb:49: syntax error, unexpected '\n', expecting =>
/Users/kimathinjoki/Development/code/phase-4/taskCargo/api/app/controllers/application_controller.rb:119: syntax error, unexpected end-of-input, expecting `end'):
  
app/controllers/application_controller.rb:5: syntax error, unexpected symbol literal, expecting `do' or '{' or '('
app/controllers/application_controller.rb:47: syntax error, unexpected '['
app/controllers/application_controller.rb:49: syntax error, unexpected '\n', expecting =>
app/controllers/application_controller.rb:119: syntax error, unexpected end-of-input, expecting `end'
app/controllers/application_controller.rb:5: syntax error, unexpected symbol literal, expecting `do' or '{' or '('
app/controllers/application_controller.rb:47: syntax error, unexpected '['
app/controllers/application_controller.rb:49: syntax error, unexpected '\n', expecting =>
app/controllers/application_controller.rb:119: syntax error, unexpected end-of-input, expecting `end'
app/controllers/users_controller.rb:1:in `<main>'
Started POST "/users/login" for 127.0.0.1 at 2023-03-27 01:30:27 -0700
  
SyntaxError (/Users/kimathinjoki/Development/code/phase-4/taskCargo/api/app/controllers/application_controller.rb:47: syntax error, unexpected '['
...ken = auth_headers.split(' ').[1]
...                              ^
/Users/kimathinjoki/Development/code/phase-4/taskCargo/api/app/controllers/application_controller.rb:49: syntax error, unexpected '\n', expecting =>
/Users/kimathinjoki/Development/code/phase-4/taskCargo/api/app/controllers/application_controller.rb:119: syntax error, unexpected end-of-input, expecting `end'):
  
app/controllers/application_controller.rb:47: syntax error, unexpected '['
app/controllers/application_controller.rb:49: syntax error, unexpected '\n', expecting =>
app/controllers/application_controller.rb:119: syntax error, unexpected end-of-input, expecting `end'
app/controllers/application_controller.rb:47: syntax error, unexpected '['
app/controllers/application_controller.rb:49: syntax error, unexpected '\n', expecting =>
app/controllers/application_controller.rb:119: syntax error, unexpected end-of-input, expecting `end'
app/controllers/users_controller.rb:1:in `<main>'
Started POST "/users/login" for 127.0.0.1 at 2023-03-27 01:30:29 -0700
  
SyntaxError (/Users/kimathinjoki/Development/code/phase-4/taskCargo/api/app/controllers/application_controller.rb:47: syntax error, unexpected '['
...ken = auth_headers.split(' ').[1]
...                              ^
/Users/kimathinjoki/Development/code/phase-4/taskCargo/api/app/controllers/application_controller.rb:49: syntax error, unexpected '\n', expecting =>
/Users/kimathinjoki/Development/code/phase-4/taskCargo/api/app/controllers/application_controller.rb:119: syntax error, unexpected end-of-input, expecting `end'):
  
app/controllers/application_controller.rb:47: syntax error, unexpected '['
app/controllers/application_controller.rb:49: syntax error, unexpected '\n', expecting =>
app/controllers/application_controller.rb:119: syntax error, unexpected end-of-input, expecting `end'
app/controllers/application_controller.rb:47: syntax error, unexpected '['
app/controllers/application_controller.rb:49: syntax error, unexpected '\n', expecting =>
app/controllers/application_controller.rb:119: syntax error, unexpected end-of-input, expecting `end'
app/controllers/users_controller.rb:1:in `<main>'
Started POST "/users/login" for 127.0.0.1 at 2023-03-27 01:30:56 -0700
  
SyntaxError (/Users/kimathinjoki/Development/code/phase-4/taskCargo/api/app/controllers/application_controller.rb:49: syntax error, unexpected '\n', expecting =>
/Users/kimathinjoki/Development/code/phase-4/taskCargo/api/app/controllers/application_controller.rb:119: syntax error, unexpected end-of-input, expecting `end'):
  
app/controllers/application_controller.rb:49: syntax error, unexpected '\n', expecting =>
app/controllers/application_controller.rb:119: syntax error, unexpected end-of-input, expecting `end'
app/controllers/application_controller.rb:49: syntax error, unexpected '\n', expecting =>
app/controllers/application_controller.rb:119: syntax error, unexpected end-of-input, expecting `end'
app/controllers/users_controller.rb:1:in `<main>'
Started POST "/users/login" for 127.0.0.1 at 2023-03-27 01:31:20 -0700
  
SyntaxError (/Users/kimathinjoki/Development/code/phase-4/taskCargo/api/app/controllers/application_controller.rb:49: syntax error, unexpected '\n', expecting =>
/Users/kimathinjoki/Development/code/phase-4/taskCargo/api/app/controllers/application_controller.rb:119: syntax error, unexpected end-of-input, expecting `end'):
  
app/controllers/application_controller.rb:49: syntax error, unexpected '\n', expecting =>
app/controllers/application_controller.rb:119: syntax error, unexpected end-of-input, expecting `end'
app/controllers/application_controller.rb:49: syntax error, unexpected '\n', expecting =>
app/controllers/application_controller.rb:119: syntax error, unexpected end-of-input, expecting `end'
app/controllers/users_controller.rb:1:in `<main>'
Started POST "/users/login" for 127.0.0.1 at 2023-03-27 01:39:39 -0700
  
SyntaxError (/Users/kimathinjoki/Development/code/phase-4/taskCargo/api/app/controllers/application_controller.rb:49: syntax error, unexpected '\n', expecting =>):
  
app/controllers/application_controller.rb:49: syntax error, unexpected '\n', expecting =>
app/controllers/application_controller.rb:49: syntax error, unexpected '\n', expecting =>
app/controllers/users_controller.rb:1:in `<main>'
Started POST "/users/login" for 127.0.0.1 at 2023-03-27 01:43:32 -0700
  
SyntaxError (/Users/kimathinjoki/Development/code/phase-4/taskCargo/api/app/controllers/application_controller.rb:119: syntax error, unexpected `end', expecting end-of-input):
  
app/controllers/application_controller.rb:119: syntax error, unexpected `end', expecting end-of-input
app/controllers/application_controller.rb:119: syntax error, unexpected `end', expecting end-of-input
app/controllers/users_controller.rb:1:in `<main>'
Started POST "/users/login" for 127.0.0.1 at 2023-03-27 01:43:49 -0700
Processing by UsersController#login as */*
  Parameters: {"username"=>"kimkim", "password"=>"[FILTERED]", "user"=>{"username"=>"kimkim"}}
[31mUnpermitted parameter: :user. Context: { controller: UsersController, action: login, request: #<ActionDispatch::Request:0x00007fd790ad3f80>, params: {"username"=>"kimkim", "password"=>"[FILTERED]", "controller"=>"users", "action"=>"login", "user"=>{"username"=>"kimkim"}} }[0m
[31mUnpermitted parameter: :user. Context: { controller: UsersController, action: login, request: #<ActionDispatch::Request:0x00007fd790ad3f80>, params: {"username"=>"kimkim", "password"=>"[FILTERED]", "controller"=>"users", "action"=>"login", "user"=>{"username"=>"kimkim"}} }[0m
  [1m[36mUser Load (0.4ms)[0m  [1m[34mSELECT "users".* FROM "users" WHERE (userrname = 'kimkim' OR email = NULL) ORDER BY "users"."id" ASC LIMIT ?[0m  [["LIMIT", 1]]
  ↳ app/controllers/users_controller.rb:23:in `login'
Completed 422 Unprocessable Entity in 32ms (Views: 0.3ms | ActiveRecord: 2.0ms | Allocations: 22029)


Started POST "/users/login" for 127.0.0.1 at 2023-03-27 01:44:15 -0700
Processing by UsersController#login as */*
  Parameters: {"username"=>"kimkim", "password"=>"[FILTERED]", "user"=>{"username"=>"kimkim"}}
[31mUnpermitted parameter: :user. Context: { controller: UsersController, action: login, request: #<ActionDispatch::Request:0x00007fd790e130d8>, params: {"username"=>"kimkim", "password"=>"[FILTERED]", "controller"=>"users", "action"=>"login", "user"=>{"username"=>"kimkim"}} }[0m
[31mUnpermitted parameter: :user. Context: { controller: UsersController, action: login, request: #<ActionDispatch::Request:0x00007fd790e130d8>, params: {"username"=>"kimkim", "password"=>"[FILTERED]", "controller"=>"users", "action"=>"login", "user"=>{"username"=>"kimkim"}} }[0m
  [1m[36mUser Load (2.1ms)[0m  [1m[34mSELECT "users".* FROM "users" WHERE (username = 'kimkim' OR email = NULL) ORDER BY "users"."id" ASC LIMIT ?[0m  [["LIMIT", 1]]
  ↳ app/controllers/users_controller.rb:23:in `login'
[31mUnpermitted parameter: :user. Context: { controller: UsersController, action: login, request: #<ActionDispatch::Request:0x00007fd790e130d8>, params: {"username"=>"kimkim", "password"=>"[FILTERED]", "controller"=>"users", "action"=>"login", "user"=>{"username"=>"kimkim"}} }[0m
Completed 422 Unprocessable Entity in 336ms (Views: 0.2ms | ActiveRecord: 5.1ms | Allocations: 17349)


Started POST "/users/login" for 127.0.0.1 at 2023-03-27 01:53:36 -0700
  
SyntaxError (/Users/kimathinjoki/Development/code/phase-4/taskCargo/api/app/controllers/application_controller.rb:92: syntax error, unexpected `end'
    end
    ^~~
/Users/kimathinjoki/Development/code/phase-4/taskCargo/api/app/controllers/application_controller.rb:131: syntax error, unexpected end-of-input, expecting `end'):
  
app/controllers/application_controller.rb:92: syntax error, unexpected `end'
app/controllers/application_controller.rb:131: syntax error, unexpected end-of-input, expecting `end'
app/controllers/application_controller.rb:92: syntax error, unexpected `end'
app/controllers/application_controller.rb:131: syntax error, unexpected end-of-input, expecting `end'
app/controllers/users_controller.rb:1:in `<main>'
Started POST "/users/login" for 127.0.0.1 at 2023-03-27 01:59:19 -0700
  
SyntaxError (/Users/kimathinjoki/Development/code/phase-4/taskCargo/api/app/controllers/application_controller.rb:92: syntax error, unexpected `end'
    end
    ^~~
/Users/kimathinjoki/Development/code/phase-4/taskCargo/api/app/controllers/application_controller.rb:131: syntax error, unexpected end-of-input, expecting `end'):
  
app/controllers/application_controller.rb:92: syntax error, unexpected `end'
app/controllers/application_controller.rb:131: syntax error, unexpected end-of-input, expecting `end'
app/controllers/application_controller.rb:92: syntax error, unexpected `end'
app/controllers/application_controller.rb:131: syntax error, unexpected end-of-input, expecting `end'
app/controllers/users_controller.rb:1:in `<main>'
Started POST "/users/login" for 127.0.0.1 at 2023-03-27 01:59:21 -0700
  
SyntaxError (/Users/kimathinjoki/Development/code/phase-4/taskCargo/api/app/controllers/application_controller.rb:92: syntax error, unexpected `end'
    end
    ^~~
/Users/kimathinjoki/Development/code/phase-4/taskCargo/api/app/controllers/application_controller.rb:131: syntax error, unexpected end-of-input, expecting `end'):
  
app/controllers/application_controller.rb:92: syntax error, unexpected `end'
app/controllers/application_controller.rb:131: syntax error, unexpected end-of-input, expecting `end'
app/controllers/application_controller.rb:92: syntax error, unexpected `end'
app/controllers/application_controller.rb:131: syntax error, unexpected end-of-input, expecting `end'
app/controllers/users_controller.rb:1:in `<main>'
Started POST "/users/login" for 127.0.0.1 at 2023-03-27 02:04:57 -0700
Processing by UsersController#login as */*
  Parameters: {"username"=>"kimkim", "password"=>"[FILTERED]", "user"=>{"username"=>"kimkim"}}
[31mUnpermitted parameter: :user. Context: { controller: UsersController, action: login, request: #<ActionDispatch::Request:0x00007fd7915e6918>, params: {"username"=>"kimkim", "password"=>"[FILTERED]", "controller"=>"users", "action"=>"login", "user"=>{"username"=>"kimkim"}} }[0m
[31mUnpermitted parameter: :user. Context: { controller: UsersController, action: login, request: #<ActionDispatch::Request:0x00007fd7915e6918>, params: {"username"=>"kimkim", "password"=>"[FILTERED]", "controller"=>"users", "action"=>"login", "user"=>{"username"=>"kimkim"}} }[0m
  [1m[36mUser Load (0.6ms)[0m  [1m[34mSELECT "users".* FROM "users" WHERE (username = 'kimkim' OR email = NULL) ORDER BY "users"."id" ASC LIMIT ?[0m  [["LIMIT", 1]]
  ↳ app/controllers/users_controller.rb:23:in `login'
[31mUnpermitted parameter: :user. Context: { controller: UsersController, action: login, request: #<ActionDispatch::Request:0x00007fd7915e6918>, params: {"username"=>"kimkim", "password"=>"[FILTERED]", "controller"=>"users", "action"=>"login", "user"=>{"username"=>"kimkim"}} }[0m
Completed 200 OK in 287ms (Views: 0.6ms | ActiveRecord: 1.1ms | Allocations: 3305)


Started GET "/ws" for ::1 at 2023-03-27 03:45:38 -0700
  
ActionController::RoutingError (No route matches [GET] "/ws"):
  
Started GET "/ws" for ::1 at 2023-03-27 03:45:41 -0700
  
ActionController::RoutingError (No route matches [GET] "/ws"):
  
Started GET "/ws" for ::1 at 2023-03-27 03:45:46 -0700
  
ActionController::RoutingError (No route matches [GET] "/ws"):
  
Started GET "/ws" for ::1 at 2023-03-27 03:45:56 -0700
  
ActionController::RoutingError (No route matches [GET] "/ws"):
  
Started GET "/ws" for ::1 at 2023-03-27 03:58:05 -0700
  
ActionController::RoutingError (No route matches [GET] "/ws"):
  
Started GET "/ws" for ::1 at 2023-03-27 03:58:47 -0700
  
ActionController::RoutingError (No route matches [GET] "/ws"):
  
Started GET "/ws" for ::1 at 2023-03-27 03:59:56 -0700
  
ActionController::RoutingError (No route matches [GET] "/ws"):
  
Started GET "/ws" for ::1 at 2023-03-27 04:02:50 -0700
  
ActionController::RoutingError (No route matches [GET] "/ws"):
  
Started GET "/ws" for ::1 at 2023-03-27 04:26:45 -0700
  
ActionController::RoutingError (No route matches [GET] "/ws"):
  
Started GET "/ws" for ::1 at 2023-03-27 04:35:17 -0700
  
ActionController::RoutingError (No route matches [GET] "/ws"):
  
Started GET "/auth" for ::1 at 2023-03-27 11:04:34 -0700
  
ActionController::RoutingError (No route matches [GET] "/auth"):
  
Started GET "/auth" for ::1 at 2023-03-27 11:04:36 -0700
  
ActionController::RoutingError (No route matches [GET] "/auth"):
  
Started POST "/todos/1" for 127.0.0.1 at 2023-03-27 11:55:15 -0700
  
ActionController::RoutingError (No route matches [POST] "/todos/1"):
  
Error occurred while parsing request parameters.
Contents:

{
  "title": "kimkim",
}
Started POST "/todos" for 127.0.0.1 at 2023-03-27 11:57:09 -0700
Processing by TodosController#create as */*
  Parameters: {"title"=>"kimkim", "description"=>"Here we go, my big ego goes", "todo"=>{"title"=>"kimkim", "description"=>"Here we go, my big ego goes"}}
Filter chain halted as :session_expired? rendered or redirected
Completed 401 Unauthorized in 6ms (Views: 0.7ms | ActiveRecord: 2.2ms | Allocations: 483)


Started POST "/todos" for 127.0.0.1 at 2023-03-27 12:01:09 -0700
Processing by TodosController#create as */*
  Parameters: {"name"=>"kimkim", "password"=>"[FILTERED]", "todo"=>{}}
Filter chain halted as :session_expired? rendered or redirected
Completed 401 Unauthorized in 1ms (Views: 0.2ms | ActiveRecord: 0.0ms | Allocations: 355)


Started POST "/users/login" for 127.0.0.1 at 2023-03-27 12:01:33 -0700
Processing by UsersController#login as */*
  Parameters: {"name"=>"kimkim", "password"=>"[FILTERED]", "user"=>{}}
[31mUnpermitted parameters: :name, :user. Context: { controller: UsersController, action: login, request: #<ActionDispatch::Request:0x00007fd793bf57a8>, params: {"name"=>"kimkim", "password"=>"[FILTERED]", "controller"=>"users", "action"=>"login", "user"=>{}} }[0m
[31mUnpermitted parameters: :name, :user. Context: { controller: UsersController, action: login, request: #<ActionDispatch::Request:0x00007fd793bf57a8>, params: {"name"=>"kimkim", "password"=>"[FILTERED]", "controller"=>"users", "action"=>"login", "user"=>{}} }[0m
  [1m[36mUser Load (0.4ms)[0m  [1m[34mSELECT "users".* FROM "users" WHERE (username = NULL OR email = NULL) ORDER BY "users"."id" ASC LIMIT ?[0m  [["LIMIT", 1]]
  ↳ app/controllers/users_controller.rb:23:in `login'
Completed 401 Unauthorized in 8ms (Views: 0.3ms | ActiveRecord: 0.4ms | Allocations: 1328)


Started POST "/users/login" for 127.0.0.1 at 2023-03-27 12:02:07 -0700
Processing by UsersController#login as */*
  Parameters: {"username"=>"kimkim", "password"=>"[FILTERED]", "user"=>{"username"=>"kimkim"}}
[31mUnpermitted parameter: :user. Context: { controller: UsersController, action: login, request: #<ActionDispatch::Request:0x00007fd793e3dfb0>, params: {"username"=>"kimkim", "password"=>"[FILTERED]", "controller"=>"users", "action"=>"login", "user"=>{"username"=>"kimkim"}} }[0m
[31mUnpermitted parameter: :user. Context: { controller: UsersController, action: login, request: #<ActionDispatch::Request:0x00007fd793e3dfb0>, params: {"username"=>"kimkim", "password"=>"[FILTERED]", "controller"=>"users", "action"=>"login", "user"=>{"username"=>"kimkim"}} }[0m
  [1m[36mUser Load (0.4ms)[0m  [1m[34mSELECT "users".* FROM "users" WHERE (username = 'kimkim' OR email = NULL) ORDER BY "users"."id" ASC LIMIT ?[0m  [["LIMIT", 1]]
  ↳ app/controllers/users_controller.rb:23:in `login'
[31mUnpermitted parameter: :user. Context: { controller: UsersController, action: login, request: #<ActionDispatch::Request:0x00007fd793e3dfb0>, params: {"username"=>"kimkim", "password"=>"[FILTERED]", "controller"=>"users", "action"=>"login", "user"=>{"username"=>"kimkim"}} }[0m
Completed 200 OK in 266ms (Views: 1.3ms | ActiveRecord: 0.4ms | Allocations: 2833)


Started POST "/todos" for 127.0.0.1 at 2023-03-27 12:02:50 -0700
Processing by TodosController#create as */*
  Parameters: {"title"=>"kimkim", "description"=>"Here we go, my big ego goes", "todo"=>{"title"=>"kimkim", "description"=>"Here we go, my big ego goes"}}
  [1m[36mUser Load (0.3ms)[0m  [1m[34mSELECT "users".* FROM "users" WHERE "users"."id" = ? LIMIT ?[0m  [["id", 2], ["LIMIT", 1]]
  ↳ app/controllers/application_controller.rb:122:in `user'
[31mUnpermitted parameter: :todo. Context: { controller: TodosController, action: create, request: #<ActionDispatch::Request:0x00007fd793ed88d0>, params: {"title"=>"kimkim", "description"=>"Here we go, my big ego goes", "controller"=>"todos", "action"=>"create", "todo"=>{"title"=>"kimkim", "description"=>"Here we go, my big ego goes"}} }[0m
  [1m[36mTRANSACTION (0.1ms)[0m  [1m[36mbegin transaction[0m
  ↳ app/controllers/todos_controller.rb:9:in `create'
  [1m[36mTodo Create (3.7ms)[0m  [1m[32mINSERT INTO "todos" ("title", "description", "status", "priority", "user_id", "created_at", "updated_at") VALUES (?, ?, ?, ?, ?, ?, ?)[0m  [["title", "kimkim"], ["description", "Here we go, my big ego goes"], ["status", 0], ["priority", 0], ["user_id", 2], ["created_at", "2023-03-27 19:02:50.774108"], ["updated_at", "2023-03-27 19:02:50.774108"]]
  ↳ app/controllers/todos_controller.rb:9:in `create'
  [1m[36mTRANSACTION (1.6ms)[0m  [1m[36mcommit transaction[0m
  ↳ app/controllers/todos_controller.rb:9:in `create'
Completed 201 Created in 71ms (Views: 0.5ms | ActiveRecord: 6.1ms | Allocations: 25218)


Started GET "/" for ::1 at 2023-03-27 13:00:18 -0700
Processing by Rails::WelcomeController#index as HTML
  Rendering /Users/kimathinjoki/.rvm/gems/ruby-3.0.0/gems/railties-7.0.4.3/lib/rails/templates/rails/welcome/index.html.erb
  Rendered /Users/kimathinjoki/.rvm/gems/ruby-3.0.0/gems/railties-7.0.4.3/lib/rails/templates/rails/welcome/index.html.erb (Duration: 1.4ms | Allocations: 465)
Completed 200 OK in 23ms (Views: 3.7ms | Allocations: 4199)


Started GET "/" for ::1 at 2023-03-27 13:00:19 -0700
Processing by Rails::WelcomeController#index as HTML
  Rendering /Users/kimathinjoki/.rvm/gems/ruby-3.0.0/gems/railties-7.0.4.3/lib/rails/templates/rails/welcome/index.html.erb
  Rendered /Users/kimathinjoki/.rvm/gems/ruby-3.0.0/gems/railties-7.0.4.3/lib/rails/templates/rails/welcome/index.html.erb (Duration: 1.9ms | Allocations: 453)
Completed 200 OK in 4ms (Views: 3.1ms | Allocations: 1255)


Started GET "/users/login/check" for 127.0.0.1 at 2023-03-27 13:11:35 -0700
Processing by UsersController#check_login_status as */*
Completed 422 Unprocessable Entity in 1ms (Views: 0.3ms | Allocations: 197)


Started GET "/users/login/check" for 127.0.0.1 at 2023-03-27 13:11:35 -0700
Processing by UsersController#check_login_status as */*
Completed 422 Unprocessable Entity in 1ms (Views: 0.2ms | Allocations: 183)


Started GET "/users/login/check" for 127.0.0.1 at 2023-03-27 13:24:58 -0700
Processing by UsersController#check_login_status as */*
Completed 422 Unprocessable Entity in 1ms (Views: 0.2ms | Allocations: 183)


Started GET "/users/login/check" for 127.0.0.1 at 2023-03-27 13:24:58 -0700
Processing by UsersController#check_login_status as */*
Completed 422 Unprocessable Entity in 1ms (Views: 0.3ms | Allocations: 183)


Started POST "/users/login" for 127.0.0.1 at 2023-03-27 13:26:01 -0700
Processing by UsersController#login as */*
  [1m[36mUser Load (0.6ms)[0m  [1m[34mSELECT "users".* FROM "users" WHERE (username = NULL OR email = NULL) ORDER BY "users"."id" ASC LIMIT ?[0m  [["LIMIT", 1]]
  ↳ app/controllers/users_controller.rb:23:in `login'
Completed 401 Unauthorized in 6ms (Views: 0.2ms | ActiveRecord: 1.1ms | Allocations: 830)


Started POST "/users/login" for 127.0.0.1 at 2023-03-27 13:26:09 -0700
Processing by UsersController#login as */*
  [1m[36mUser Load (0.2ms)[0m  [1m[34mSELECT "users".* FROM "users" WHERE (username = NULL OR email = NULL) ORDER BY "users"."id" ASC LIMIT ?[0m  [["LIMIT", 1]]
  ↳ app/controllers/users_controller.rb:23:in `login'
Completed 401 Unauthorized in 2ms (Views: 0.2ms | ActiveRecord: 0.2ms | Allocations: 715)


Started POST "/users/login" for 127.0.0.1 at 2023-03-27 13:26:30 -0700
Processing by UsersController#login as */*
  [1m[36mUser Load (0.3ms)[0m  [1m[34mSELECT "users".* FROM "users" WHERE (username = NULL OR email = NULL) ORDER BY "users"."id" ASC LIMIT ?[0m  [["LIMIT", 1]]
  ↳ app/controllers/users_controller.rb:23:in `login'
Completed 401 Unauthorized in 3ms (Views: 0.2ms | ActiveRecord: 0.3ms | Allocations: 715)


Started POST "/logout" for 127.0.0.1 at 2023-03-27 13:28:07 -0700
  
ActionController::RoutingError (No route matches [POST] "/logout"):
  
Started DELETE "/logout" for 127.0.0.1 at 2023-03-27 13:28:22 -0700
  
ActionController::RoutingError (No route matches [DELETE] "/logout"):
  
Started DELETE "/users/logout" for 127.0.0.1 at 2023-03-27 13:28:58 -0700
Processing by UsersController#logout as */*
  Parameters: {"title"=>"kimkim", "description"=>"Here we go, my big ego goes", "user"=>{}}
Completed 200 OK in 1ms (Views: 0.2ms | ActiveRecord: 0.0ms | Allocations: 307)


Started POST "/users/login" for 127.0.0.1 at 2023-03-27 13:29:04 -0700
Processing by UsersController#login as */*
  [1m[36mUser Load (0.2ms)[0m  [1m[34mSELECT "users".* FROM "users" WHERE (username = NULL OR email = NULL) ORDER BY "users"."id" ASC LIMIT ?[0m  [["LIMIT", 1]]
  ↳ app/controllers/users_controller.rb:23:in `login'
Completed 401 Unauthorized in 2ms (Views: 0.2ms | ActiveRecord: 0.2ms | Allocations: 714)


Started POST "/users/login" for 127.0.0.1 at 2023-03-27 13:29:16 -0700
Processing by UsersController#login as */*
  [1m[36mUser Load (0.2ms)[0m  [1m[34mSELECT "users".* FROM "users" WHERE (username = NULL OR email = NULL) ORDER BY "users"."id" ASC LIMIT ?[0m  [["LIMIT", 1]]
  ↳ app/controllers/users_controller.rb:23:in `login'
Completed 401 Unauthorized in 2ms (Views: 0.2ms | ActiveRecord: 0.2ms | Allocations: 715)


Started POST "/users/login" for 127.0.0.1 at 2023-03-27 13:29:17 -0700
Processing by UsersController#login as */*
  [1m[36mUser Load (0.2ms)[0m  [1m[34mSELECT "users".* FROM "users" WHERE (username = NULL OR email = NULL) ORDER BY "users"."id" ASC LIMIT ?[0m  [["LIMIT", 1]]
  ↳ app/controllers/users_controller.rb:23:in `login'
Completed 401 Unauthorized in 2ms (Views: 0.3ms | ActiveRecord: 0.2ms | Allocations: 715)


Started POST "/users/login" for 127.0.0.1 at 2023-03-27 13:29:38 -0700
Processing by UsersController#login as */*
  [1m[36mUser Load (0.2ms)[0m  [1m[34mSELECT "users".* FROM "users" WHERE (username = NULL OR email = NULL) ORDER BY "users"."id" ASC LIMIT ?[0m  [["LIMIT", 1]]
  ↳ app/controllers/users_controller.rb:23:in `login'
Completed 401 Unauthorized in 3ms (Views: 0.2ms | ActiveRecord: 0.2ms | Allocations: 715)


Started GET "/users/login/check" for 127.0.0.1 at 2023-03-27 13:41:29 -0700
Processing by UsersController#check_login_status as */*
Completed 422 Unprocessable Entity in 6ms (Views: 1.6ms | Allocations: 183)


Started GET "/users/login/check" for 127.0.0.1 at 2023-03-27 13:41:29 -0700
Processing by UsersController#check_login_status as */*
Completed 422 Unprocessable Entity in 3ms (Views: 0.2ms | Allocations: 183)


Started GET "/users/login/check" for 127.0.0.1 at 2023-03-27 13:42:32 -0700
Processing by UsersController#check_login_status as */*
Completed 422 Unprocessable Entity in 1ms (Views: 0.2ms | Allocations: 183)


Started GET "/users/login/check" for 127.0.0.1 at 2023-03-27 13:42:32 -0700
Processing by UsersController#check_login_status as */*
Completed 422 Unprocessable Entity in 1ms (Views: 0.4ms | Allocations: 183)


Started POST "/users/login" for 127.0.0.1 at 2023-03-27 14:03:04 -0700
Processing by UsersController#login as */*
  [1m[36mUser Load (0.2ms)[0m  [1m[34mSELECT "users".* FROM "users" WHERE (username = NULL OR email = NULL) ORDER BY "users"."id" ASC LIMIT ?[0m  [["LIMIT", 1]]
  ↳ app/controllers/users_controller.rb:23:in `login'
Completed 401 Unauthorized in 15ms (Views: 0.2ms | ActiveRecord: 1.4ms | Allocations: 830)


Started GET "/users/login/check" for 127.0.0.1 at 2023-03-27 14:16:04 -0700
  [1m[36mActiveRecord::SchemaMigration Pluck (0.5ms)[0m  [1m[34mSELECT "schema_migrations"."version" FROM "schema_migrations" ORDER BY "schema_migrations"."version" ASC[0m
Processing by UsersController#check_login_status as */*
Completed 422 Unprocessable Entity in 4ms (Views: 0.3ms | ActiveRecord: 0.0ms | Allocations: 498)


Started GET "/users/login/check" for 127.0.0.1 at 2023-03-27 14:16:04 -0700
Processing by UsersController#check_login_status as */*
Completed 422 Unprocessable Entity in 1ms (Views: 0.2ms | ActiveRecord: 0.0ms | Allocations: 183)


Started GET "/users/login/check" for 127.0.0.1 at 2023-03-27 14:17:53 -0700
Processing by UsersController#check_login_status as */*
Completed 422 Unprocessable Entity in 1ms (Views: 0.2ms | ActiveRecord: 0.0ms | Allocations: 185)


Started GET "/users/login/check" for 127.0.0.1 at 2023-03-27 14:17:53 -0700
Processing by UsersController#check_login_status as */*
Completed 422 Unprocessable Entity in 1ms (Views: 0.2ms | ActiveRecord: 0.0ms | Allocations: 183)


Started POST "/users/login" for 127.0.0.1 at 2023-03-27 14:20:05 -0700
Processing by UsersController#login as */*
  [1m[36mUser Load (0.1ms)[0m  [1m[34mSELECT "users".* FROM "users" WHERE (username = NULL OR email = NULL) ORDER BY "users"."id" ASC LIMIT ?[0m  [["LIMIT", 1]]
  ↳ app/controllers/users_controller.rb:23:in `login'
Completed 401 Unauthorized in 49ms (Views: 0.2ms | ActiveRecord: 0.6ms | Allocations: 24991)


Started POST "/users/login" for 127.0.0.1 at 2023-03-27 14:20:13 -0700
Processing by UsersController#login as */*
  [1m[36mUser Load (0.2ms)[0m  [1m[34mSELECT "users".* FROM "users" WHERE (username = NULL OR email = NULL) ORDER BY "users"."id" ASC LIMIT ?[0m  [["LIMIT", 1]]
  ↳ app/controllers/users_controller.rb:23:in `login'
Completed 401 Unauthorized in 2ms (Views: 0.2ms | ActiveRecord: 0.2ms | Allocations: 730)


Started POST "/users/login" for 127.0.0.1 at 2023-03-27 14:20:15 -0700
Processing by UsersController#login as */*
  [1m[36mUser Load (0.2ms)[0m  [1m[34mSELECT "users".* FROM "users" WHERE (username = NULL OR email = NULL) ORDER BY "users"."id" ASC LIMIT ?[0m  [["LIMIT", 1]]
  ↳ app/controllers/users_controller.rb:23:in `login'
Completed 401 Unauthorized in 2ms (Views: 0.3ms | ActiveRecord: 0.2ms | Allocations: 729)


Started POST "/users/login" for 127.0.0.1 at 2023-03-27 14:20:15 -0700
Processing by UsersController#login as */*
  [1m[36mUser Load (0.2ms)[0m  [1m[34mSELECT "users".* FROM "users" WHERE (username = NULL OR email = NULL) ORDER BY "users"."id" ASC LIMIT ?[0m  [["LIMIT", 1]]
  ↳ app/controllers/users_controller.rb:23:in `login'
Completed 401 Unauthorized in 2ms (Views: 0.2ms | ActiveRecord: 0.2ms | Allocations: 716)


Started POST "/users/login" for 127.0.0.1 at 2023-03-27 14:20:15 -0700
Processing by UsersController#login as */*
  [1m[36mUser Load (0.2ms)[0m  [1m[34mSELECT "users".* FROM "users" WHERE (username = NULL OR email = NULL) ORDER BY "users"."id" ASC LIMIT ?[0m  [["LIMIT", 1]]
  ↳ app/controllers/users_controller.rb:23:in `login'
Completed 401 Unauthorized in 2ms (Views: 0.3ms | ActiveRecord: 0.2ms | Allocations: 717)


Started POST "/users/login" for 127.0.0.1 at 2023-03-27 14:20:15 -0700
Processing by UsersController#login as */*
  [1m[36mUser Load (0.2ms)[0m  [1m[34mSELECT "users".* FROM "users" WHERE (username = NULL OR email = NULL) ORDER BY "users"."id" ASC LIMIT ?[0m  [["LIMIT", 1]]
  ↳ app/controllers/users_controller.rb:23:in `login'
Completed 401 Unauthorized in 2ms (Views: 0.2ms | ActiveRecord: 0.2ms | Allocations: 728)


Started POST "/users" for 127.0.0.1 at 2023-03-27 14:21:20 -0700
Processing by UsersController#register as */*
  [1m[36mTRANSACTION (0.1ms)[0m  [1m[36mbegin transaction[0m
  ↳ app/controllers/users_controller.rb:9:in `register'
  [1m[36mUser Exists? (0.2ms)[0m  [1m[34mSELECT 1 AS one FROM "users" WHERE "users"."username" IS NULL LIMIT ?[0m  [["LIMIT", 1]]
  ↳ app/controllers/users_controller.rb:9:in `register'
  [1m[36mUser Exists? (0.1ms)[0m  [1m[34mSELECT 1 AS one FROM "users" WHERE "users"."email" IS NULL LIMIT ?[0m  [["LIMIT", 1]]
  ↳ app/controllers/users_controller.rb:9:in `register'
  [1m[36mTRANSACTION (0.1ms)[0m  [1m[31mrollback transaction[0m
  ↳ app/controllers/users_controller.rb:9:in `register'
  [1m[36mUser Exists? (0.3ms)[0m  [1m[34mSELECT 1 AS one FROM "users" WHERE "users"."username" IS NULL LIMIT ?[0m  [["LIMIT", 1]]
  ↳ app/controllers/users_controller.rb:10:in `register'
  [1m[36mUser Exists? (0.2ms)[0m  [1m[34mSELECT 1 AS one FROM "users" WHERE "users"."email" IS NULL LIMIT ?[0m  [["LIMIT", 1]]
  ↳ app/controllers/users_controller.rb:10:in `register'
Completed 422 Unprocessable Entity in 50ms (Views: 7.8ms | ActiveRecord: 1.4ms | Allocations: 24513)


Started POST "/users" for 127.0.0.1 at 2023-03-27 14:21:26 -0700
Processing by UsersController#register as */*
  [1m[36mTRANSACTION (0.1ms)[0m  [1m[36mbegin transaction[0m
  ↳ app/controllers/users_controller.rb:9:in `register'
  [1m[36mUser Exists? (0.2ms)[0m  [1m[34mSELECT 1 AS one FROM "users" WHERE "users"."username" IS NULL LIMIT ?[0m  [["LIMIT", 1]]
  ↳ app/controllers/users_controller.rb:9:in `register'
  [1m[36mUser Exists? (0.1ms)[0m  [1m[34mSELECT 1 AS one FROM "users" WHERE "users"."email" IS NULL LIMIT ?[0m  [["LIMIT", 1]]
  ↳ app/controllers/users_controller.rb:9:in `register'
  [1m[36mTRANSACTION (0.1ms)[0m  [1m[31mrollback transaction[0m
  ↳ app/controllers/users_controller.rb:9:in `register'
  [1m[36mUser Exists? (0.2ms)[0m  [1m[34mSELECT 1 AS one FROM "users" WHERE "users"."username" IS NULL LIMIT ?[0m  [["LIMIT", 1]]
  ↳ app/controllers/users_controller.rb:10:in `register'
  [1m[36mUser Exists? (0.2ms)[0m  [1m[34mSELECT 1 AS one FROM "users" WHERE "users"."email" IS NULL LIMIT ?[0m  [["LIMIT", 1]]
  ↳ app/controllers/users_controller.rb:10:in `register'
Completed 422 Unprocessable Entity in 14ms (Views: 3.2ms | ActiveRecord: 1.0ms | Allocations: 4959)


Started POST "/users" for 127.0.0.1 at 2023-03-27 14:22:40 -0700
Processing by UsersController#register as */*
  [1m[36mTRANSACTION (0.1ms)[0m  [1m[36mbegin transaction[0m
  ↳ app/controllers/users_controller.rb:9:in `register'
  [1m[36mUser Exists? (0.2ms)[0m  [1m[34mSELECT 1 AS one FROM "users" WHERE "users"."username" IS NULL LIMIT ?[0m  [["LIMIT", 1]]
  ↳ app/controllers/users_controller.rb:9:in `register'
  [1m[36mUser Exists? (0.2ms)[0m  [1m[34mSELECT 1 AS one FROM "users" WHERE "users"."email" IS NULL LIMIT ?[0m  [["LIMIT", 1]]
  ↳ app/controllers/users_controller.rb:9:in `register'
  [1m[36mTRANSACTION (0.1ms)[0m  [1m[31mrollback transaction[0m
  ↳ app/controllers/users_controller.rb:9:in `register'
  [1m[36mUser Exists? (0.2ms)[0m  [1m[34mSELECT 1 AS one FROM "users" WHERE "users"."username" IS NULL LIMIT ?[0m  [["LIMIT", 1]]
  ↳ app/controllers/users_controller.rb:10:in `register'
  [1m[36mUser Exists? (0.2ms)[0m  [1m[34mSELECT 1 AS one FROM "users" WHERE "users"."email" IS NULL LIMIT ?[0m  [["LIMIT", 1]]
  ↳ app/controllers/users_controller.rb:10:in `register'
Completed 422 Unprocessable Entity in 11ms (Views: 1.8ms | ActiveRecord: 0.9ms | Allocations: 4959)


Started POST "/users/login" for 127.0.0.1 at 2023-03-27 14:29:47 -0700
  [1m[36mActiveRecord::SchemaMigration Pluck (0.1ms)[0m  [1m[34mSELECT "schema_migrations"."version" FROM "schema_migrations" ORDER BY "schema_migrations"."version" ASC[0m
  
NoMethodError (undefined method `enable' for ApplicationController:Class):
  
app/controllers/application_controller.rb:10:in `block in <class:ApplicationController>'
app/controllers/application_controller.rb:9:in `<class:ApplicationController>'
app/controllers/application_controller.rb:1:in `<main>'
app/controllers/users_controller.rb:1:in `<main>'
Started POST "/users/login" for 127.0.0.1 at 2023-03-27 14:32:30 -0700
  
SyntaxError (/Users/kimathinjoki/Development/code/phase-4/taskCargo/api/app/controllers/application_controller.rb:10: syntax error, unexpected ':', expecting `end'
    enable: :cross_origin
          ^
/Users/kimathinjoki/Development/code/phase-4/taskCargo/api/app/controllers/application_controller.rb:151: syntax error, unexpected `end', expecting end-of-input):
  
app/controllers/application_controller.rb:10: syntax error, unexpected ':', expecting `end'
app/controllers/application_controller.rb:151: syntax error, unexpected `end', expecting end-of-input
app/controllers/application_controller.rb:10: syntax error, unexpected ':', expecting `end'
app/controllers/application_controller.rb:151: syntax error, unexpected `end', expecting end-of-input
app/controllers/users_controller.rb:1:in `<main>'
Started POST "/users/login" for 127.0.0.1 at 2023-03-27 14:41:45 -0700
  [1m[36mActiveRecord::SchemaMigration Pluck (0.1ms)[0m  [1m[34mSELECT "schema_migrations"."version" FROM "schema_migrations" ORDER BY "schema_migrations"."version" ASC[0m
Processing by UsersController#login as */*
  [1m[36mUser Load (0.1ms)[0m  [1m[34mSELECT "users".* FROM "users" WHERE (username = NULL OR email = NULL) ORDER BY "users"."id" ASC LIMIT ?[0m  [["LIMIT", 1]]
  ↳ app/controllers/users_controller.rb:23:in `login'
Completed 401 Unauthorized in 28ms (Views: 0.3ms | ActiveRecord: 0.6ms | Allocations: 24787)


Started POST "/users/login" for 127.0.0.1 at 2023-03-27 14:41:53 -0700
Processing by UsersController#login as */*
  [1m[36mUser Load (0.2ms)[0m  [1m[34mSELECT "users".* FROM "users" WHERE (username = NULL OR email = NULL) ORDER BY "users"."id" ASC LIMIT ?[0m  [["LIMIT", 1]]
  ↳ app/controllers/users_controller.rb:23:in `login'
Completed 401 Unauthorized in 2ms (Views: 0.2ms | ActiveRecord: 0.2ms | Allocations: 735)


Started POST "/users" for 127.0.0.1 at 2023-03-27 14:42:47 -0700
Processing by UsersController#register as */*
  [1m[36mTRANSACTION (0.1ms)[0m  [1m[36mbegin transaction[0m
  ↳ app/controllers/users_controller.rb:9:in `register'
  [1m[36mUser Exists? (0.2ms)[0m  [1m[34mSELECT 1 AS one FROM "users" WHERE "users"."username" IS NULL LIMIT ?[0m  [["LIMIT", 1]]
  ↳ app/controllers/users_controller.rb:9:in `register'
  [1m[36mUser Exists? (0.1ms)[0m  [1m[34mSELECT 1 AS one FROM "users" WHERE "users"."email" IS NULL LIMIT ?[0m  [["LIMIT", 1]]
  ↳ app/controllers/users_controller.rb:9:in `register'
  [1m[36mTRANSACTION (0.1ms)[0m  [1m[31mrollback transaction[0m
  ↳ app/controllers/users_controller.rb:9:in `register'
  [1m[36mUser Exists? (0.2ms)[0m  [1m[34mSELECT 1 AS one FROM "users" WHERE "users"."username" IS NULL LIMIT ?[0m  [["LIMIT", 1]]
  ↳ app/controllers/users_controller.rb:10:in `register'
  [1m[36mUser Exists? (0.2ms)[0m  [1m[34mSELECT 1 AS one FROM "users" WHERE "users"."email" IS NULL LIMIT ?[0m  [["LIMIT", 1]]
  ↳ app/controllers/users_controller.rb:10:in `register'
Completed 422 Unprocessable Entity in 56ms (Views: 10.2ms | ActiveRecord: 1.3ms | Allocations: 24542)


Started POST "/users/login" for 127.0.0.1 at 2023-03-27 14:46:25 -0700
Processing by UsersController#login as */*
  Parameters: {"username"=>"kimkim", "password"=>"[FILTERED]", "user"=>{"username"=>"kimkim"}}
[31mUnpermitted parameter: :user. Context: { controller: UsersController, action: login, request: #<ActionDispatch::Request:0x00007fcd619a0c00>, params: {"username"=>"kimkim", "password"=>"[FILTERED]", "controller"=>"users", "action"=>"login", "user"=>{"username"=>"kimkim"}} }[0m
[31mUnpermitted parameter: :user. Context: { controller: UsersController, action: login, request: #<ActionDispatch::Request:0x00007fcd619a0c00>, params: {"username"=>"kimkim", "password"=>"[FILTERED]", "controller"=>"users", "action"=>"login", "user"=>{"username"=>"kimkim"}} }[0m
  [1m[36mUser Load (0.7ms)[0m  [1m[34mSELECT "users".* FROM "users" WHERE (username = 'kimkim' OR email = NULL) ORDER BY "users"."id" ASC LIMIT ?[0m  [["LIMIT", 1]]
  ↳ app/controllers/users_controller.rb:23:in `login'
[31mUnpermitted parameter: :user. Context: { controller: UsersController, action: login, request: #<ActionDispatch::Request:0x00007fcd619a0c00>, params: {"username"=>"kimkim", "password"=>"[FILTERED]", "controller"=>"users", "action"=>"login", "user"=>{"username"=>"kimkim"}} }[0m
Completed 200 OK in 240ms (Views: 0.4ms | ActiveRecord: 0.7ms | Allocations: 1864)


Started POST "/users/login" for 127.0.0.1 at 2023-03-27 14:47:58 -0700
Processing by UsersController#login as */*
  [1m[36mUser Load (0.2ms)[0m  [1m[34mSELECT "users".* FROM "users" WHERE (username = NULL OR email = NULL) ORDER BY "users"."id" ASC LIMIT ?[0m  [["LIMIT", 1]]
  ↳ app/controllers/users_controller.rb:23:in `login'
Completed 401 Unauthorized in 2ms (Views: 0.2ms | ActiveRecord: 0.2ms | Allocations: 717)


Started POST "/users/login" for 127.0.0.1 at 2023-03-27 14:48:30 -0700
Processing by UsersController#login as */*
  [1m[36mUser Load (0.2ms)[0m  [1m[34mSELECT "users".* FROM "users" WHERE (username = NULL OR email = NULL) ORDER BY "users"."id" ASC LIMIT ?[0m  [["LIMIT", 1]]
  ↳ app/controllers/users_controller.rb:23:in `login'
Completed 401 Unauthorized in 2ms (Views: 0.2ms | ActiveRecord: 0.2ms | Allocations: 717)


Started POST "/users/login" for 127.0.0.1 at 2023-03-27 21:11:11 -0700
Processing by UsersController#login as */*
  [1m[36mUser Load (0.2ms)[0m  [1m[34mSELECT "users".* FROM "users" WHERE (username = NULL OR email = NULL) ORDER BY "users"."id" ASC LIMIT ?[0m  [["LIMIT", 1]]
  ↳ app/controllers/users_controller.rb:23:in `login'
Completed 401 Unauthorized in 34ms (Views: 1.6ms | ActiveRecord: 5.9ms | Allocations: 855)


Started POST "/users/login" for 127.0.0.1 at 2023-03-27 21:52:50 -0700
Processing by UsersController#login as */*
  [1m[36mUser Load (0.2ms)[0m  [1m[34mSELECT "users".* FROM "users" WHERE (username = NULL OR email = NULL) ORDER BY "users"."id" ASC LIMIT ?[0m  [["LIMIT", 1]]
  ↳ app/controllers/users_controller.rb:23:in `login'
Completed 401 Unauthorized in 3ms (Views: 0.2ms | ActiveRecord: 0.6ms | Allocations: 833)


Started POST "/users/login" for 127.0.0.1 at 2023-03-27 21:53:01 -0700
Processing by UsersController#login as */*
  [1m[36mUser Load (0.3ms)[0m  [1m[34mSELECT "users".* FROM "users" WHERE (username = NULL OR email = NULL) ORDER BY "users"."id" ASC LIMIT ?[0m  [["LIMIT", 1]]
  ↳ app/controllers/users_controller.rb:23:in `login'
Completed 401 Unauthorized in 3ms (Views: 0.2ms | ActiveRecord: 0.3ms | Allocations: 717)


Started POST "/users/login" for 127.0.0.1 at 2023-03-27 21:53:38 -0700
Processing by UsersController#login as */*
  [1m[36mUser Load (0.2ms)[0m  [1m[34mSELECT "users".* FROM "users" WHERE (username = NULL OR email = NULL) ORDER BY "users"."id" ASC LIMIT ?[0m  [["LIMIT", 1]]
  ↳ app/controllers/users_controller.rb:23:in `login'
Completed 401 Unauthorized in 3ms (Views: 0.2ms | ActiveRecord: 0.2ms | Allocations: 717)


Started POST "/users/login" for 127.0.0.1 at 2023-03-27 21:54:01 -0700
Processing by UsersController#login as */*
  [1m[36mUser Load (0.2ms)[0m  [1m[34mSELECT "users".* FROM "users" WHERE (username = NULL OR email = NULL) ORDER BY "users"."id" ASC LIMIT ?[0m  [["LIMIT", 1]]
  ↳ app/controllers/users_controller.rb:23:in `login'
Completed 401 Unauthorized in 2ms (Views: 0.2ms | ActiveRecord: 0.2ms | Allocations: 717)


Started POST "/users/login" for 127.0.0.1 at 2023-03-27 21:54:20 -0700
Processing by UsersController#login as */*
  [1m[36mUser Load (0.2ms)[0m  [1m[34mSELECT "users".* FROM "users" WHERE (username = NULL OR email = NULL) ORDER BY "users"."id" ASC LIMIT ?[0m  [["LIMIT", 1]]
  ↳ app/controllers/users_controller.rb:23:in `login'
Completed 401 Unauthorized in 2ms (Views: 0.2ms | ActiveRecord: 0.2ms | Allocations: 717)


Started POST "/users/login" for 127.0.0.1 at 2023-03-27 21:55:56 -0700
Processing by UsersController#login as */*
  Parameters: {"username"=>"kimkim", "password"=>"[FILTERED]", "user"=>{"username"=>"kimkim"}}
[31mUnpermitted parameter: :user. Context: { controller: UsersController, action: login, request: #<ActionDispatch::Request:0x00007fcd678b71f8>, params: {"username"=>"kimkim", "password"=>"[FILTERED]", "controller"=>"users", "action"=>"login", "user"=>{"username"=>"kimkim"}} }[0m
[31mUnpermitted parameter: :user. Context: { controller: UsersController, action: login, request: #<ActionDispatch::Request:0x00007fcd678b71f8>, params: {"username"=>"kimkim", "password"=>"[FILTERED]", "controller"=>"users", "action"=>"login", "user"=>{"username"=>"kimkim"}} }[0m
  [1m[36mUser Load (1.2ms)[0m  [1m[34mSELECT "users".* FROM "users" WHERE (username = 'kimkim' OR email = NULL) ORDER BY "users"."id" ASC LIMIT ?[0m  [["LIMIT", 1]]
  ↳ app/controllers/users_controller.rb:23:in `login'
[31mUnpermitted parameter: :user. Context: { controller: UsersController, action: login, request: #<ActionDispatch::Request:0x00007fcd678b71f8>, params: {"username"=>"kimkim", "password"=>"[FILTERED]", "controller"=>"users", "action"=>"login", "user"=>{"username"=>"kimkim"}} }[0m
Completed 200 OK in 283ms (Views: 2.8ms | ActiveRecord: 1.2ms | Allocations: 1445)


